::1 - - [29/Jun/2024:00:03:22 +0000] "GET / HTTP/1.1" 200 12 "-" "PostmanRuntime/7.37.3"
::1 - - [29/Jun/2024:00:27:45 +0000] "GET /items HTTP/1.1" 404 144 "-" "PostmanRuntime/7.37.3"
::1 - - [29/Jun/2024:00:27:52 +0000] "GET /item HTTP/1.1" 200 384 "-" "PostmanRuntime/7.37.3"
::1 - - [29/Jun/2024:00:31:04 +0000] "POST /item HTTP/1.1" 201 75 "-" "PostmanRuntime/7.37.3"
::1 - - [29/Jun/2024:00:31:29 +0000] "POST /item HTTP/1.1" 201 75 "-" "PostmanRuntime/7.37.3"
::1 - - [29/Jun/2024:00:31:32 +0000] "GET /item HTTP/1.1" 200 460 "-" "PostmanRuntime/7.37.3"
::1 - - [29/Jun/2024:00:31:46 +0000] "POST /item HTTP/1.1" 201 75 "-" "PostmanRuntime/7.37.3"
::1 - - [29/Jun/2024:00:31:50 +0000] "GET /item HTTP/1.1" 200 536 "-" "PostmanRuntime/7.37.3"
::1 - - [29/Jun/2024:00:32:29 +0000] "DELETE /item?id=1 HTTP/1.1" 204 - "-" "PostmanRuntime/7.37.3"
::1 - - [29/Jun/2024:00:32:37 +0000] "GET /item HTTP/1.1" 200 536 "-" "PostmanRuntime/7.37.3"
::1 - - [29/Jun/2024:00:32:40 +0000] "GET /item HTTP/1.1" 200 536 "-" "PostmanRuntime/7.37.3"
::1 - - [29/Jun/2024:00:32:52 +0000] "DELETE /item?id=1 HTTP/1.1" 204 - "-" "PostmanRuntime/7.37.3"
::1 - - [29/Jun/2024:00:32:56 +0000] "GET /item HTTP/1.1" 200 536 "-" "PostmanRuntime/7.37.3"
::1 - - [29/Jun/2024:00:33:18 +0000] "GET /item/1 HTTP/1.1" 200 78 "-" "PostmanRuntime/7.37.3"
::1 - - [29/Jun/2024:00:33:28 +0000] "DELETE /item/1 HTTP/1.1" 404 148 "-" "PostmanRuntime/7.37.3"
::1 - - [29/Jun/2024:00:33:35 +0000] "GET /item HTTP/1.1" 200 536 "-" "PostmanRuntime/7.37.3"
::1 - - [29/Jun/2024:00:34:05 +0000] "DELETE /item/1 HTTP/1.1" 404 148 "-" "PostmanRuntime/7.37.3"
::1 - - [29/Jun/2024:00:34:30 +0000] "DELETE /item/1 HTTP/1.1" 204 - "-" "PostmanRuntime/7.37.3"
::1 - - [29/Jun/2024:00:34:35 +0000] "GET /item HTTP/1.1" 200 307 "-" "PostmanRuntime/7.37.3"
::1 - - [29/Jun/2024:00:38:20 +0000] "DELETE /item/1 HTTP/1.1" 204 - "-" "PostmanRuntime/7.37.3"
::1 - - [29/Jun/2024:00:38:30 +0000] "DELETE /item/1 HTTP/1.1" 404 38 "-" "PostmanRuntime/7.37.3"
::1 - - [29/Jun/2024:00:39:01 +0000] "DELETE /item?id=1 HTTP/1.1" 404 146 "-" "PostmanRuntime/7.37.3"
::1 - - [29/Jun/2024:00:40:19 +0000] "DELETE /item HTTP/1.1" 404 146 "-" "PostmanRuntime/7.37.3"
::1 - - [29/Jun/2024:00:40:32 +0000] "DELETE /item/ HTTP/1.1" 404 147 "-" "PostmanRuntime/7.37.3"
::1 - - [29/Jun/2024:00:43:22 +0000] "GET /item?teste=2 HTTP/1.1" 200 384 "-" "PostmanRuntime/7.37.3"
